<?xml version="1.0" encoding="UTF-8"?>
<!-- Generated by org.testng.reporters.JUnitReportReporter -->
<testsuite hostname="e9f0675b4c6f" failures="0" tests="2" name="com.searchmodule.tests.SearchTest" time="6.175" errors="0" timestamp="2023-03-06T02:55:12 GMT" skipped="0">
  <testcase classname="com.searchmodule.tests.SearchTest" name="search" time="3.081"/>
  <system-out/>
  <testcase classname="com.searchmodule.tests.SearchTest" name="search" time="3.094"/>
  <system-out/>
</testsuite> <!-- com.searchmodule.tests.SearchTest -->
